<?xml version="1.0" encoding="UTF-8"?>
<!-- Generated by org.testng.reporters.JUnitReportReporter -->
<testsuite hostname="MSI-L1584" name="com.test.crossbrowser.AppTest" tests="1" failures="0" timestamp="28 Aug 2018 05:30:30 GMT" time="0.000" errors="0">
  <testcase name="testApp" time="0.000" classname="com.test.crossbrowser.AppTest"/>
</testsuite> <!-- com.test.crossbrowser.AppTest -->
