<?xml version="1.0" encoding="UTF-8"?>
<!-- Generated by org.testng.reporters.JUnitReportReporter -->
<testsuite hostname="MSI-L1584" name="com.test.crossbrowser.crossBrowserTest" tests="2" failures="0" timestamp="28 Aug 2018 05:39:25 GMT" time="113.296" errors="0">
  <testcase name="browserTest" time="56.024" classname="com.test.crossbrowser.crossBrowserTest"/>
  <testcase name="browserTest" time="57.272" classname="com.test.crossbrowser.crossBrowserTest"/>
</testsuite> <!-- com.test.crossbrowser.crossBrowserTest -->
